#
# There is insufficient memory for the Java Runtime Environment to continue.
# Native memory allocation (malloc) failed to allocate 1452656 bytes for Chunk::new
# Possible reasons:
#   The system is out of physical RAM or swap space
#   The process is running with CompressedOops enabled, and the Java Heap may be blocking the growth of the native heap
# Possible solutions:
#   Reduce memory load on the system
#   Increase physical memory or swap space
#   Check if swap backing store is full
#   Decrease Java heap size (-Xmx/-Xms)
#   Decrease number of Java threads
#   Decrease Java thread stack sizes (-Xss)
#   Set larger code cache with -XX:ReservedCodeCacheSize=
#   JVM is running with Zero Based Compressed Oops mode in which the Java heap is
#     placed in the first 32GB address space. The Java Heap base address is the
#     maximum limit for the native heap growth. Please use -XX:HeapBaseMinAddress
#     to set the Java Heap base and to place the Java Heap above 32GB virtual address.
# This output file may be truncated or incomplete.
#
#  Out of Memory Error (arena.cpp:189), pid=3936, tid=10532
#
# JRE version: Java(TM) SE Runtime Environment (17.0.12+8) (build 17.0.12+8-LTS-286)
# Java VM: Java HotSpot(TM) 64-Bit Server VM (17.0.12+8-LTS-286, mixed mode, sharing, tiered, compressed oops, compressed class ptrs, g1 gc, windows-amd64)
# No core dump will be written. Minidumps are not enabled by default on client versions of Windows
#

---------------  S U M M A R Y ------------

Command Line: --enable-native-access=ALL-UNNAMED -Dclassworlds.conf=C:\Users\tnghi\.m2\wrapper\dists\apache-maven-3.9.12\59fe215c0ad6947fea90184bf7add084544567b927287592651fda3782e0e798\bin\m2.conf -Dmaven.home=C:\Users\tnghi\.m2\wrapper\dists\apache-maven-3.9.12\59fe215c0ad6947fea90184bf7add084544567b927287592651fda3782e0e798 -Dlibrary.jansi.path=C:\Users\tnghi\.m2\wrapper\dists\apache-maven-3.9.12\59fe215c0ad6947fea90184bf7add084544567b927287592651fda3782e0e798\lib\jansi-native -Dmaven.multiModuleProjectDirectory=D:\FullGra\GraduationPproject_BE\BookingMeetingRoom org.codehaus.plexus.classworlds.launcher.Launcher compile

Host: 11th Gen Intel(R) Core(TM) i7-1165G7 @ 2.80GHz, 8 cores, 11G,  Windows 11 , 64 bit Build 26100 (10.0.26100.8328)
Time: Tue May 19 22:37:57 2026 SE Asia Standard Time elapsed time: 3.892264 seconds (0d 0h 0m 3s)

---------------  T H R E A D  ---------------

Current thread (0x0000025dbf94bb50):  JavaThread "C2 CompilerThread1" daemon [_thread_in_native, id=10532, stack(0x0000008fe1600000,0x0000008fe1700000)]


Current CompileTask:
C2:   3892 1740   !   4       java.net.URL::<init> (543 bytes)

Stack: [0x0000008fe1600000,0x0000008fe1700000]
Native frames: (J=compiled Java code, j=interpreted, Vv=VM code, C=native code)
V  [jvm.dll+0x67a04a]
V  [jvm.dll+0x7da4ed]
V  [jvm.dll+0x7dbe33]
V  [jvm.dll+0x7dc4a3]
V  [jvm.dll+0x24508f]
V  [jvm.dll+0xab773]
V  [jvm.dll+0xabd3c]
V  [jvm.dll+0x361b9f]
V  [jvm.dll+0x32c431]
V  [jvm.dll+0x32b8ca]
V  [jvm.dll+0x21683f]
V  [jvm.dll+0x215c6f]
V  [jvm.dll+0x1a2960]
V  [jvm.dll+0x22610b]
V  [jvm.dll+0x2242ab]
V  [jvm.dll+0x79075c]
V  [jvm.dll+0x78abea]
V  [jvm.dll+0x678f35]
C  [ucrtbase.dll+0x37b0]
C  [KERNEL32.DLL+0x2e957]
C  [ntdll.dll+0x427c]


---------------  P R O C E S S  ---------------

Threads class SMR info:
_java_thread_list=0x0000025dbfd47eb0, length=13, elements={
0x0000025d9ebe0260, 0x0000025dbf255cc0, 0x0000025dbf256680, 0x0000025dbf26c570,
0x0000025dbf26cf30, 0x0000025dbf26d8f0, 0x0000025dbf26e2b0, 0x0000025dbf26f050,
0x0000025dbf285150, 0x0000025dbf2968b0, 0x0000025dbf53dfd0, 0x0000025dbf5448e0,
0x0000025dbf94bb50
}

Java Threads: ( => current thread )
  0x0000025d9ebe0260 JavaThread "main" [_thread_in_Java, id=7392, stack(0x0000008fe0300000,0x0000008fe0400000)]
  0x0000025dbf255cc0 JavaThread "Reference Handler" daemon [_thread_blocked, id=10536, stack(0x0000008fe0a00000,0x0000008fe0b00000)]
  0x0000025dbf256680 JavaThread "Finalizer" daemon [_thread_blocked, id=24692, stack(0x0000008fe0b00000,0x0000008fe0c00000)]
  0x0000025dbf26c570 JavaThread "Signal Dispatcher" daemon [_thread_blocked, id=5300, stack(0x0000008fe0c00000,0x0000008fe0d00000)]
  0x0000025dbf26cf30 JavaThread "Attach Listener" daemon [_thread_blocked, id=27328, stack(0x0000008fe0d00000,0x0000008fe0e00000)]
  0x0000025dbf26d8f0 JavaThread "Service Thread" daemon [_thread_blocked, id=27304, stack(0x0000008fe0e00000,0x0000008fe0f00000)]
  0x0000025dbf26e2b0 JavaThread "Monitor Deflation Thread" daemon [_thread_blocked, id=28704, stack(0x0000008fe0f00000,0x0000008fe1000000)]
  0x0000025dbf26f050 JavaThread "C2 CompilerThread0" daemon [_thread_blocked, id=28940, stack(0x0000008fe1000000,0x0000008fe1100000)]
  0x0000025dbf285150 JavaThread "C1 CompilerThread0" daemon [_thread_in_native, id=24316, stack(0x0000008fe1100000,0x0000008fe1200000)]
  0x0000025dbf2968b0 JavaThread "Sweeper thread" daemon [_thread_blocked, id=19740, stack(0x0000008fe1200000,0x0000008fe1300000)]
  0x0000025dbf53dfd0 JavaThread "Notification Thread" daemon [_thread_blocked, id=29724, stack(0x0000008fe1300000,0x0000008fe1400000)]
  0x0000025dbf5448e0 JavaThread "Common-Cleaner" daemon [_thread_blocked, id=25420, stack(0x0000008fe1500000,0x0000008fe1600000)]
=>0x0000025dbf94bb50 JavaThread "C2 CompilerThread1" daemon [_thread_in_native, id=10532, stack(0x0000008fe1600000,0x0000008fe1700000)]

Other Threads:
  0x0000025dbf24f300 VMThread "VM Thread" [stack: 0x0000008fe0900000,0x0000008fe0a00000] [id=30836]
  0x0000025d9ec5e2c0 WatcherThread [stack: 0x0000008fe1400000,0x0000008fe1500000] [id=30532]
  0x0000025d9ec3bb90 GCTaskThread "GC Thread#0" [stack: 0x0000008fe0400000,0x0000008fe0500000] [id=28584]
  0x0000025e05a101e0 GCTaskThread "GC Thread#1" [stack: 0x0000008fe1800000,0x0000008fe1900000] [id=5744]
  0x0000025dbf6b4b20 GCTaskThread "GC Thread#2" [stack: 0x0000008fe1900000,0x0000008fe1a00000] [id=23944]
  0x0000025dbfe63ab0 GCTaskThread "GC Thread#3" [stack: 0x0000008fe1a00000,0x0000008fe1b00000] [id=23580]
  0x0000025e05df4810 GCTaskThread "GC Thread#4" [stack: 0x0000008fe1b00000,0x0000008fe1c00000] [id=20728]
  0x0000025dbfaf1790 GCTaskThread "GC Thread#5" [stack: 0x0000008fe1c00000,0x0000008fe1d00000] [id=27952]
  0x0000025dbfaf1a50 GCTaskThread "GC Thread#6" [stack: 0x0000008fe1d00000,0x0000008fe1e00000] [id=26864]
  0x0000025e05938050 GCTaskThread "GC Thread#7" [stack: 0x0000008fe1e00000,0x0000008fe1f00000] [id=19804]
  0x0000025d9ec49480 ConcurrentGCThread "G1 Main Marker" [stack: 0x0000008fe0500000,0x0000008fe0600000] [id=12772]
  0x0000025d9ec4aea0 ConcurrentGCThread "G1 Conc#0" [stack: 0x0000008fe0600000,0x0000008fe0700000] [id=27676]
  0x0000025d9eca8ce0 ConcurrentGCThread "G1 Refine#0" [stack: 0x0000008fe0700000,0x0000008fe0800000] [id=29132]
  0x0000025dbf1130d0 ConcurrentGCThread "G1 Service" [stack: 0x0000008fe0800000,0x0000008fe0900000] [id=9712]

Threads with active compile tasks:
C1 CompilerThread0     3917 1914       3       java.util.concurrent.locks.AbstractQueuedSynchronizer::signalNext (34 bytes)
C2 CompilerThread1     3917 1740   !   4       java.net.URL::<init> (543 bytes)

VM state: not at safepoint (normal execution)

VM Mutex/Monitor currently owned by a thread: None

Heap address: 0x0000000743200000, size: 3022 MB, Compressed Oops mode: Zero based, Oop shift amount: 3

CDS archive(s) mapped at: [0x0000025dc0000000-0x0000025dc0bd0000-0x0000025dc0bd0000), size 12386304, SharedBaseAddress: 0x0000025dc0000000, ArchiveRelocationMode: 1.
Compressed class space mapped at: 0x0000025dc1000000-0x0000025e01000000, reserved size: 1073741824
Narrow klass base: 0x0000025dc0000000, Narrow klass shift: 0, Narrow klass range: 0x100000000

GC Precious Log:
 CPUs: 8 total, 8 available
 Memory: 12087M
 Large Page Support: Disabled
 NUMA Support: Disabled
 Compressed Oops: Enabled (Zero based)
 Heap Region Size: 2M
 Heap Min Capacity: 8M
 Heap Initial Capacity: 190M
 Heap Max Capacity: 3022M
 Pre-touch: Disabled
 Parallel Workers: 8
 Concurrent Workers: 2
 Concurrent Refinement Workers: 8
 Periodic GC: Disabled

Heap:
 garbage-first heap   total 194560K, used 17302K [0x0000000743200000, 0x0000000800000000)
  region size 2048K, 8 young (16384K), 1 survivors (2048K)
 Metaspace       used 10931K, committed 11072K, reserved 1114112K
  class space    used 1344K, committed 1408K, reserved 1048576K

Heap Regions: E=young(eden), S=young(survivor), O=old, HS=humongous(starts), HC=humongous(continues), CS=collection set, F=free, OA=open archive, CA=closed archive, TAMS=top-at-mark-start (previous, next)
|   0|0x0000000743200000, 0x0000000743400000, 0x0000000743400000|100%| O|  |TAMS 0x0000000743200000, 0x0000000743200000| Untracked 
|   1|0x0000000743400000, 0x0000000743567a00, 0x0000000743600000| 70%| O|  |TAMS 0x0000000743400000, 0x0000000743400000| Untracked 
|   2|0x0000000743600000, 0x0000000743600000, 0x0000000743800000|  0%| F|  |TAMS 0x0000000743600000, 0x0000000743600000| Untracked 
|   3|0x0000000743800000, 0x0000000743800000, 0x0000000743a00000|  0%| F|  |TAMS 0x0000000743800000, 0x0000000743800000| Untracked 
|   4|0x0000000743a00000, 0x0000000743a00000, 0x0000000743c00000|  0%| F|  |TAMS 0x0000000743a00000, 0x0000000743a00000| Untracked 
|   5|0x0000000743c00000, 0x0000000743c00000, 0x0000000743e00000|  0%| F|  |TAMS 0x0000000743c00000, 0x0000000743c00000| Untracked 
|   6|0x0000000743e00000, 0x0000000743e00000, 0x0000000744000000|  0%| F|  |TAMS 0x0000000743e00000, 0x0000000743e00000| Untracked 
|   7|0x0000000744000000, 0x0000000744000000, 0x0000000744200000|  0%| F|  |TAMS 0x0000000744000000, 0x0000000744000000| Untracked 
|   8|0x0000000744200000, 0x0000000744200000, 0x0000000744400000|  0%| F|  |TAMS 0x0000000744200000, 0x0000000744200000| Untracked 
|   9|0x0000000744400000, 0x0000000744400000, 0x0000000744600000|  0%| F|  |TAMS 0x0000000744400000, 0x0000000744400000| Untracked 
|  10|0x0000000744600000, 0x0000000744600000, 0x0000000744800000|  0%| F|  |TAMS 0x0000000744600000, 0x0000000744600000| Untracked 
|  11|0x0000000744800000, 0x0000000744800000, 0x0000000744a00000|  0%| F|  |TAMS 0x0000000744800000, 0x0000000744800000| Untracked 
|  12|0x0000000744a00000, 0x0000000744a00000, 0x0000000744c00000|  0%| F|  |TAMS 0x0000000744a00000, 0x0000000744a00000| Untracked 
|  13|0x0000000744c00000, 0x0000000744c00000, 0x0000000744e00000|  0%| F|  |TAMS 0x0000000744c00000, 0x0000000744c00000| Untracked 
|  14|0x0000000744e00000, 0x0000000744e00000, 0x0000000745000000|  0%| F|  |TAMS 0x0000000744e00000, 0x0000000744e00000| Untracked 
|  15|0x0000000745000000, 0x0000000745000000, 0x0000000745200000|  0%| F|  |TAMS 0x0000000745000000, 0x0000000745000000| Untracked 
|  16|0x0000000745200000, 0x0000000745200000, 0x0000000745400000|  0%| F|  |TAMS 0x0000000745200000, 0x0000000745200000| Untracked 
|  17|0x0000000745400000, 0x0000000745400000, 0x0000000745600000|  0%| F|  |TAMS 0x0000000745400000, 0x0000000745400000| Untracked 
|  18|0x0000000745600000, 0x0000000745600000, 0x0000000745800000|  0%| F|  |TAMS 0x0000000745600000, 0x0000000745600000| Untracked 
|  19|0x0000000745800000, 0x0000000745800000, 0x0000000745a00000|  0%| F|  |TAMS 0x0000000745800000, 0x0000000745800000| Untracked 
|  20|0x0000000745a00000, 0x0000000745a00000, 0x0000000745c00000|  0%| F|  |TAMS 0x0000000745a00000, 0x0000000745a00000| Untracked 
|  21|0x0000000745c00000, 0x0000000745c00000, 0x0000000745e00000|  0%| F|  |TAMS 0x0000000745c00000, 0x0000000745c00000| Untracked 
|  22|0x0000000745e00000, 0x0000000745e00000, 0x0000000746000000|  0%| F|  |TAMS 0x0000000745e00000, 0x0000000745e00000| Untracked 
|  23|0x0000000746000000, 0x0000000746000000, 0x0000000746200000|  0%| F|  |TAMS 0x0000000746000000, 0x0000000746000000| Untracked 
|  24|0x0000000746200000, 0x0000000746200000, 0x0000000746400000|  0%| F|  |TAMS 0x0000000746200000, 0x0000000746200000| Untracked 
|  25|0x0000000746400000, 0x0000000746400000, 0x0000000746600000|  0%| F|  |TAMS 0x0000000746400000, 0x0000000746400000| Untracked 
|  26|0x0000000746600000, 0x0000000746600000, 0x0000000746800000|  0%| F|  |TAMS 0x0000000746600000, 0x0000000746600000| Untracked 
|  27|0x0000000746800000, 0x0000000746800000, 0x0000000746a00000|  0%| F|  |TAMS 0x0000000746800000, 0x0000000746800000| Untracked 
|  28|0x0000000746a00000, 0x0000000746a00000, 0x0000000746c00000|  0%| F|  |TAMS 0x0000000746a00000, 0x0000000746a00000| Untracked 
|  29|0x0000000746c00000, 0x0000000746c00000, 0x0000000746e00000|  0%| F|  |TAMS 0x0000000746c00000, 0x0000000746c00000| Untracked 
|  30|0x0000000746e00000, 0x0000000746e00000, 0x0000000747000000|  0%| F|  |TAMS 0x0000000746e00000, 0x0000000746e00000| Untracked 
|  31|0x0000000747000000, 0x0000000747000000, 0x0000000747200000|  0%| F|  |TAMS 0x0000000747000000, 0x0000000747000000| Untracked 
|  32|0x0000000747200000, 0x0000000747200000, 0x0000000747400000|  0%| F|  |TAMS 0x0000000747200000, 0x0000000747200000| Untracked 
|  33|0x0000000747400000, 0x0000000747400000, 0x0000000747600000|  0%| F|  |TAMS 0x0000000747400000, 0x0000000747400000| Untracked 
|  34|0x0000000747600000, 0x0000000747600000, 0x0000000747800000|  0%| F|  |TAMS 0x0000000747600000, 0x0000000747600000| Untracked 
|  35|0x0000000747800000, 0x0000000747800000, 0x0000000747a00000|  0%| F|  |TAMS 0x0000000747800000, 0x0000000747800000| Untracked 
|  36|0x0000000747a00000, 0x0000000747a00000, 0x0000000747c00000|  0%| F|  |TAMS 0x0000000747a00000, 0x0000000747a00000| Untracked 
|  37|0x0000000747c00000, 0x0000000747c00000, 0x0000000747e00000|  0%| F|  |TAMS 0x0000000747c00000, 0x0000000747c00000| Untracked 
|  38|0x0000000747e00000, 0x0000000747e00000, 0x0000000748000000|  0%| F|  |TAMS 0x0000000747e00000, 0x0000000747e00000| Untracked 
|  39|0x0000000748000000, 0x0000000748000000, 0x0000000748200000|  0%| F|  |TAMS 0x0000000748000000, 0x0000000748000000| Untracked 
|  40|0x0000000748200000, 0x0000000748200000, 0x0000000748400000|  0%| F|  |TAMS 0x0000000748200000, 0x0000000748200000| Untracked 
|  41|0x0000000748400000, 0x0000000748400000, 0x0000000748600000|  0%| F|  |TAMS 0x0000000748400000, 0x0000000748400000| Untracked 
|  42|0x0000000748600000, 0x0000000748600000, 0x0000000748800000|  0%| F|  |TAMS 0x0000000748600000, 0x0000000748600000| Untracked 
|  43|0x0000000748800000, 0x0000000748800000, 0x0000000748a00000|  0%| F|  |TAMS 0x0000000748800000, 0x0000000748800000| Untracked 
|  44|0x0000000748a00000, 0x0000000748a00000, 0x0000000748c00000|  0%| F|  |TAMS 0x0000000748a00000, 0x0000000748a00000| Untracked 
|  45|0x0000000748c00000, 0x0000000748c00000, 0x0000000748e00000|  0%| F|  |TAMS 0x0000000748c00000, 0x0000000748c00000| Untracked 
|  46|0x0000000748e00000, 0x0000000748e00000, 0x0000000749000000|  0%| F|  |TAMS 0x0000000748e00000, 0x0000000748e00000| Untracked 
|  47|0x0000000749000000, 0x0000000749000000, 0x0000000749200000|  0%| F|  |TAMS 0x0000000749000000, 0x0000000749000000| Untracked 
|  48|0x0000000749200000, 0x0000000749200000, 0x0000000749400000|  0%| F|  |TAMS 0x0000000749200000, 0x0000000749200000| Untracked 
|  49|0x0000000749400000, 0x0000000749400000, 0x0000000749600000|  0%| F|  |TAMS 0x0000000749400000, 0x0000000749400000| Untracked 
|  50|0x0000000749600000, 0x0000000749600000, 0x0000000749800000|  0%| F|  |TAMS 0x0000000749600000, 0x0000000749600000| Untracked 
|  51|0x0000000749800000, 0x0000000749800000, 0x0000000749a00000|  0%| F|  |TAMS 0x0000000749800000, 0x0000000749800000| Untracked 
|  52|0x0000000749a00000, 0x0000000749a00000, 0x0000000749c00000|  0%| F|  |TAMS 0x0000000749a00000, 0x0000000749a00000| Untracked 
|  53|0x0000000749c00000, 0x0000000749c00000, 0x0000000749e00000|  0%| F|  |TAMS 0x0000000749c00000, 0x0000000749c00000| Untracked 
|  54|0x0000000749e00000, 0x0000000749e00000, 0x000000074a000000|  0%| F|  |TAMS 0x0000000749e00000, 0x0000000749e00000| Untracked 
|  55|0x000000074a000000, 0x000000074a000000, 0x000000074a200000|  0%| F|  |TAMS 0x000000074a000000, 0x000000074a000000| Untracked 
|  56|0x000000074a200000, 0x000000074a200000, 0x000000074a400000|  0%| F|  |TAMS 0x000000074a200000, 0x000000074a200000| Untracked 
|  57|0x000000074a400000, 0x000000074a400000, 0x000000074a600000|  0%| F|  |TAMS 0x000000074a400000, 0x000000074a400000| Untracked 
|  58|0x000000074a600000, 0x000000074a600000, 0x000000074a800000|  0%| F|  |TAMS 0x000000074a600000, 0x000000074a600000| Untracked 
|  59|0x000000074a800000, 0x000000074a800000, 0x000000074aa00000|  0%| F|  |TAMS 0x000000074a800000, 0x000000074a800000| Untracked 
|  60|0x000000074aa00000, 0x000000074aa00000, 0x000000074ac00000|  0%| F|  |TAMS 0x000000074aa00000, 0x000000074aa00000| Untracked 
|  61|0x000000074ac00000, 0x000000074ac00000, 0x000000074ae00000|  0%| F|  |TAMS 0x000000074ac00000, 0x000000074ac00000| Untracked 
|  62|0x000000074ae00000, 0x000000074ae00000, 0x000000074b000000|  0%| F|  |TAMS 0x000000074ae00000, 0x000000074ae00000| Untracked 
|  63|0x000000074b000000, 0x000000074b000000, 0x000000074b200000|  0%| F|  |TAMS 0x000000074b000000, 0x000000074b000000| Untracked 
|  64|0x000000074b200000, 0x000000074b200000, 0x000000074b400000|  0%| F|  |TAMS 0x000000074b200000, 0x000000074b200000| Untracked 
|  65|0x000000074b400000, 0x000000074b400000, 0x000000074b600000|  0%| F|  |TAMS 0x000000074b400000, 0x000000074b400000| Untracked 
|  66|0x000000074b600000, 0x000000074b600000, 0x000000074b800000|  0%| F|  |TAMS 0x000000074b600000, 0x000000074b600000| Untracked 
|  67|0x000000074b800000, 0x000000074b800000, 0x000000074ba00000|  0%| F|  |TAMS 0x000000074b800000, 0x000000074b800000| Untracked 
|  68|0x000000074ba00000, 0x000000074ba00000, 0x000000074bc00000|  0%| F|  |TAMS 0x000000074ba00000, 0x000000074ba00000| Untracked 
|  69|0x000000074bc00000, 0x000000074bc00000, 0x000000074be00000|  0%| F|  |TAMS 0x000000074bc00000, 0x000000074bc00000| Untracked 
|  70|0x000000074be00000, 0x000000074be00000, 0x000000074c000000|  0%| F|  |TAMS 0x000000074be00000, 0x000000074be00000| Untracked 
|  71|0x000000074c000000, 0x000000074c000000, 0x000000074c200000|  0%| F|  |TAMS 0x000000074c000000, 0x000000074c000000| Untracked 
|  72|0x000000074c200000, 0x000000074c200000, 0x000000074c400000|  0%| F|  |TAMS 0x000000074c200000, 0x000000074c200000| Untracked 
|  73|0x000000074c400000, 0x000000074c400000, 0x000000074c600000|  0%| F|  |TAMS 0x000000074c400000, 0x000000074c400000| Untracked 
|  74|0x000000074c600000, 0x000000074c600000, 0x000000074c800000|  0%| F|  |TAMS 0x000000074c600000, 0x000000074c600000| Untracked 
|  75|0x000000074c800000, 0x000000074c800000, 0x000000074ca00000|  0%| F|  |TAMS 0x000000074c800000, 0x000000074c800000| Untracked 
|  76|0x000000074ca00000, 0x000000074ca00000, 0x000000074cc00000|  0%| F|  |TAMS 0x000000074ca00000, 0x000000074ca00000| Untracked 
|  77|0x000000074cc00000, 0x000000074cd7def0, 0x000000074ce00000| 74%| S|CS|TAMS 0x000000074cc00000, 0x000000074cc00000| Complete 
|  78|0x000000074ce00000, 0x000000074ce00000, 0x000000074d000000|  0%| F|  |TAMS 0x000000074ce00000, 0x000000074ce00000| Untracked 
|  79|0x000000074d000000, 0x000000074d000000, 0x000000074d200000|  0%| F|  |TAMS 0x000000074d000000, 0x000000074d000000| Untracked 
|  80|0x000000074d200000, 0x000000074d200000, 0x000000074d400000|  0%| F|  |TAMS 0x000000074d200000, 0x000000074d200000| Untracked 
|  81|0x000000074d400000, 0x000000074d400000, 0x000000074d600000|  0%| F|  |TAMS 0x000000074d400000, 0x000000074d400000| Untracked 
|  82|0x000000074d600000, 0x000000074d600000, 0x000000074d800000|  0%| F|  |TAMS 0x000000074d600000, 0x000000074d600000| Untracked 
|  83|0x000000074d800000, 0x000000074d800000, 0x000000074da00000|  0%| F|  |TAMS 0x000000074d800000, 0x000000074d800000| Untracked 
|  84|0x000000074da00000, 0x000000074da00000, 0x000000074dc00000|  0%| F|  |TAMS 0x000000074da00000, 0x000000074da00000| Untracked 
|  85|0x000000074dc00000, 0x000000074dc00000, 0x000000074de00000|  0%| F|  |TAMS 0x000000074dc00000, 0x000000074dc00000| Untracked 
|  86|0x000000074de00000, 0x000000074de00000, 0x000000074e000000|  0%| F|  |TAMS 0x000000074de00000, 0x000000074de00000| Untracked 
|  87|0x000000074e000000, 0x000000074e000000, 0x000000074e200000|  0%| F|  |TAMS 0x000000074e000000, 0x000000074e000000| Untracked 
|  88|0x000000074e200000, 0x000000074e400000, 0x000000074e400000|100%| E|  |TAMS 0x000000074e200000, 0x000000074e200000| Complete 
|  89|0x000000074e400000, 0x000000074e600000, 0x000000074e600000|100%| E|CS|TAMS 0x000000074e400000, 0x000000074e400000| Complete 
|  90|0x000000074e600000, 0x000000074e800000, 0x000000074e800000|100%| E|CS|TAMS 0x000000074e600000, 0x000000074e600000| Complete 
|  91|0x000000074e800000, 0x000000074ea00000, 0x000000074ea00000|100%| E|CS|TAMS 0x000000074e800000, 0x000000074e800000| Complete 
|  92|0x000000074ea00000, 0x000000074ec00000, 0x000000074ec00000|100%| E|CS|TAMS 0x000000074ea00000, 0x000000074ea00000| Complete 
|  93|0x000000074ec00000, 0x000000074ee00000, 0x000000074ee00000|100%| E|CS|TAMS 0x000000074ec00000, 0x000000074ec00000| Complete 
|  94|0x000000074ee00000, 0x000000074f000000, 0x000000074f000000|100%| E|CS|TAMS 0x000000074ee00000, 0x000000074ee00000| Complete 

Card table byte_map: [0x0000025db5dc0000,0x0000025db63b0000] _byte_map_base: 0x0000025db23a7000

Marking Bits (Prev, Next): (CMBitMap*) 0x0000025d9ec3c1b0, (CMBitMap*) 0x0000025d9ec3c1f0
 Prev Bits: [0x0000025db69a0000, 0x0000025db98d8000)
 Next Bits: [0x0000025db98e0000, 0x0000025dbc818000)

Polling page: 0x0000025d9cbc0000

Metaspace:

Usage:
  Non-class:      9.37 MB used.
      Class:      1.31 MB used.
       Both:     10.68 MB used.

Virtual space:
  Non-class space:       64.00 MB reserved,       9.50 MB ( 15%) committed,  1 nodes.
      Class space:        1.00 GB reserved,       1.38 MB ( <1%) committed,  1 nodes.
             Both:        1.06 GB reserved,      10.88 MB ( <1%) committed. 

Chunk freelists:
   Non-Class:  5.03 MB
       Class:  14.62 MB
        Both:  19.66 MB

MaxMetaspaceSize: unlimited
CompressedClassSpaceSize: 1.00 GB
Initial GC threshold: 21.00 MB
Current GC threshold: 21.00 MB
CDS: on
MetaspaceReclaimPolicy: balanced
 - commit_granule_bytes: 65536.
 - commit_granule_words: 8192.
 - virtual_space_node_default_size: 8388608.
 - enlarge_chunks_in_place: 1.
 - new_chunks_are_fully_committed: 0.
 - uncommit_free_chunks: 1.
 - use_allocation_guard: 0.
 - handle_deallocations: 1.


Internal statistics:

num_allocs_failed_limit: 0.
num_arena_births: 64.
num_arena_deaths: 0.
num_vsnodes_births: 2.
num_vsnodes_deaths: 0.
num_space_committed: 174.
num_space_uncommitted: 0.
num_chunks_returned_to_freelist: 0.
num_chunks_taken_from_freelist: 459.
num_chunk_merges: 0.
num_chunk_splits: 306.
num_chunks_enlarged: 240.
num_inconsistent_stats: 0.

CodeHeap 'non-profiled nmethods': size=120000Kb used=885Kb max_used=885Kb free=119114Kb
 bounds [0x0000025dadf70000, 0x0000025dae1e0000, 0x0000025db54a0000]
CodeHeap 'profiled nmethods': size=120000Kb used=3819Kb max_used=3819Kb free=116180Kb
 bounds [0x0000025da64a0000, 0x0000025da6860000, 0x0000025dad9d0000]
CodeHeap 'non-nmethods': size=5760Kb used=1170Kb max_used=1214Kb free=4589Kb
 bounds [0x0000025dad9d0000, 0x0000025dadc40000, 0x0000025dadf70000]
 total_blobs=2370 nmethods=1926 adapters=356
 compilation: enabled
              stopped_count=0, restarted_count=0
 full_count=0

Compilation events (20 events):
Event: 2.872 Thread 0x0000025dbf285150 1828       1       java.lang.invoke.LambdaForm$Name::index (5 bytes)
Event: 2.873 Thread 0x0000025dbf285150 nmethod 1828 0x0000025dae046490 code [0x0000025dae046620, 0x0000025dae0466f8]
Event: 2.874 Thread 0x0000025dbf285150 1829       3       java.lang.Boolean::valueOf (14 bytes)
Event: 2.874 Thread 0x0000025dbf285150 nmethod 1829 0x0000025da6834610 code [0x0000025da68347a0, 0x0000025da6834918]
Event: 2.874 Thread 0x0000025dbf285150 1832       3       com.google.inject.internal.Errors::withSource (29 bytes)
Event: 2.874 Thread 0x0000025dbf285150 nmethod 1832 0x0000025da6834990 code [0x0000025da6834b40, 0x0000025da6834f38]
Event: 2.874 Thread 0x0000025dbf285150 1833       3       com.google.inject.internal.Errors::<init> (23 bytes)
Event: 2.874 Thread 0x0000025dbf285150 nmethod 1833 0x0000025da6835010 code [0x0000025da68351c0, 0x0000025da6835458]
Event: 2.874 Thread 0x0000025dbf285150 1834       3       com.google.inject.internal.AbstractProcessor::visitOther (6 bytes)
Event: 2.874 Thread 0x0000025dbf285150 nmethod 1834 0x0000025da6835590 code [0x0000025da6835740, 0x0000025da6835998]
Event: 2.875 Thread 0x0000025dbf285150 1830       3       com.google.inject.internal.AbstractProcessor$$Lambda$91/0x0000025dc1155538::test (16 bytes)
Event: 2.875 Thread 0x0000025dbf285150 nmethod 1830 0x0000025da6835a90 code [0x0000025da6835ca0, 0x0000025da68365d8]
Event: 2.875 Thread 0x0000025dbf285150 1831       3       com.google.inject.internal.AbstractProcessor::lambda$process$0 (28 bytes)
Event: 2.875 Thread 0x0000025dbf285150 nmethod 1831 0x0000025da6836810 code [0x0000025da6836a00, 0x0000025da6837198]
Event: 2.879 Thread 0x0000025dbf285150 1835       3       java.lang.ClassLoader::checkName (37 bytes)
Event: 2.880 Thread 0x0000025dbf285150 nmethod 1835 0x0000025da6837390 code [0x0000025da68375e0, 0x0000025da6838018]
Event: 2.883 Thread 0x0000025dbf26f050 1836       4       java.util.WeakHashMap::getTable (9 bytes)
Event: 2.884 Thread 0x0000025dbf26f050 nmethod 1836 0x0000025dae046790 code [0x0000025dae046920, 0x0000025dae046c28]
Event: 2.884 Thread 0x0000025e052e1570 1837       4       java.util.ArrayList::elementAt (4 bytes)
Event: 2.885 Thread 0x0000025e052e1570 nmethod 1837 0x0000025dae046d90 code [0x0000025dae046f00, 0x0000025dae046f98]

GC Heap History (4 events):
Event: 1.198 GC heap before
{Heap before GC invocations=0 (full 0):
 garbage-first heap   total 194560K, used 22528K [0x0000000743200000, 0x0000000800000000)
  region size 2048K, 11 young (22528K), 0 survivors (0K)
 Metaspace       used 5326K, committed 5504K, reserved 1114112K
  class space    used 638K, committed 704K, reserved 1048576K
}
Event: 2.212 GC heap after
{Heap after GC invocations=1 (full 0):
 garbage-first heap   total 194560K, used 3640K [0x0000000743200000, 0x0000000800000000)
  region size 2048K, 2 young (4096K), 2 survivors (4096K)
 Metaspace       used 5326K, committed 5504K, reserved 1114112K
  class space    used 638K, committed 704K, reserved 1048576K
}
Event: 2.651 GC heap before
{Heap before GC invocations=1 (full 0):
 garbage-first heap   total 194560K, used 34360K [0x0000000743200000, 0x0000000800000000)
  region size 2048K, 17 young (34816K), 2 survivors (4096K)
 Metaspace       used 8593K, committed 8704K, reserved 1114112K
  class space    used 1032K, committed 1088K, reserved 1048576K
}
Event: 2.655 GC heap after
{Heap after GC invocations=2 (full 0):
 garbage-first heap   total 194560K, used 5014K [0x0000000743200000, 0x0000000800000000)
  region size 2048K, 1 young (2048K), 1 survivors (2048K)
 Metaspace       used 8593K, committed 8704K, reserved 1114112K
  class space    used 1032K, committed 1088K, reserved 1048576K
}

Deoptimization events (20 events):
Event: 2.765 Thread 0x0000025d9ebe0260 Uncommon trap: trap_request=0xffffffd6 fr.pc=0x0000025dae03eefc relative=0x000000000000015c
Event: 2.765 Thread 0x0000025d9ebe0260 Uncommon trap: reason=array_check action=maybe_recompile pc=0x0000025dae03eefc method=java.util.stream.Nodes$FixedNodeBuilder.accept(Ljava/lang/Object;)V @ 28 c2
Event: 2.765 Thread 0x0000025d9ebe0260 DEOPT PACKING pc=0x0000025dae03eefc sp=0x0000008fe03fd830
Event: 2.765 Thread 0x0000025d9ebe0260 DEOPT UNPACKING pc=0x0000025dada25ba3 sp=0x0000008fe03fd7e0 mode 2
Event: 2.765 Thread 0x0000025d9ebe0260 Uncommon trap: trap_request=0xffffffd6 fr.pc=0x0000025dae03eefc relative=0x000000000000015c
Event: 2.765 Thread 0x0000025d9ebe0260 Uncommon trap: reason=array_check action=maybe_recompile pc=0x0000025dae03eefc method=java.util.stream.Nodes$FixedNodeBuilder.accept(Ljava/lang/Object;)V @ 28 c2
Event: 2.765 Thread 0x0000025d9ebe0260 DEOPT PACKING pc=0x0000025dae03eefc sp=0x0000008fe03fd830
Event: 2.765 Thread 0x0000025d9ebe0260 DEOPT UNPACKING pc=0x0000025dada25ba3 sp=0x0000008fe03fd7e0 mode 2
Event: 2.765 Thread 0x0000025d9ebe0260 Uncommon trap: trap_request=0xffffffd6 fr.pc=0x0000025dae03eefc relative=0x000000000000015c
Event: 2.765 Thread 0x0000025d9ebe0260 Uncommon trap: reason=array_check action=maybe_recompile pc=0x0000025dae03eefc method=java.util.stream.Nodes$FixedNodeBuilder.accept(Ljava/lang/Object;)V @ 28 c2
Event: 2.765 Thread 0x0000025d9ebe0260 DEOPT PACKING pc=0x0000025dae03eefc sp=0x0000008fe03fd830
Event: 2.765 Thread 0x0000025d9ebe0260 DEOPT UNPACKING pc=0x0000025dada25ba3 sp=0x0000008fe03fd7e0 mode 2
Event: 2.765 Thread 0x0000025d9ebe0260 Uncommon trap: trap_request=0xffffffd6 fr.pc=0x0000025dae03eefc relative=0x000000000000015c
Event: 2.765 Thread 0x0000025d9ebe0260 Uncommon trap: reason=array_check action=maybe_recompile pc=0x0000025dae03eefc method=java.util.stream.Nodes$FixedNodeBuilder.accept(Ljava/lang/Object;)V @ 28 c2
Event: 2.765 Thread 0x0000025d9ebe0260 DEOPT PACKING pc=0x0000025dae03eefc sp=0x0000008fe03fd830
Event: 2.765 Thread 0x0000025d9ebe0260 DEOPT UNPACKING pc=0x0000025dada25ba3 sp=0x0000008fe03fd7e0 mode 2
Event: 2.853 Thread 0x0000025d9ebe0260 Uncommon trap: trap_request=0xffffff45 fr.pc=0x0000025dae002ea0 relative=0x0000000000000180
Event: 2.853 Thread 0x0000025d9ebe0260 Uncommon trap: reason=unstable_if action=reinterpret pc=0x0000025dae002ea0 method=java.lang.ClassLoader.checkName(Ljava/lang/String;)Z @ 1 c2
Event: 2.853 Thread 0x0000025d9ebe0260 DEOPT PACKING pc=0x0000025dae002ea0 sp=0x0000008fe03fd500
Event: 2.853 Thread 0x0000025d9ebe0260 DEOPT UNPACKING pc=0x0000025dada25ba3 sp=0x0000008fe03fd498 mode 2

Classes unloaded (0 events):
No events

Classes redefined (0 events):
No events

Internal exceptions (20 events):
Event: 0.273 Thread 0x0000025d9ebe0260 Exception <a 'java/lang/NullPointerException'{0x000000074eb1c328}> (0x000000074eb1c328) 
thrown [s\open\src\hotspot\share\interpreter\linkResolver.cpp, line 1350]
Event: 0.273 Thread 0x0000025d9ebe0260 Exception <a 'java/lang/NullPointerException'{0x000000074eb1c600}> (0x000000074eb1c600) 
thrown [s\open\src\hotspot\share\interpreter\linkResolver.cpp, line 1350]
Event: 0.273 Thread 0x0000025d9ebe0260 Exception <a 'java/lang/NullPointerException'{0x000000074eb1c8d8}> (0x000000074eb1c8d8) 
thrown [s\open\src\hotspot\share\interpreter\linkResolver.cpp, line 1350]
Event: 0.273 Thread 0x0000025d9ebe0260 Exception <a 'java/lang/NullPointerException'{0x000000074eb1cbb0}> (0x000000074eb1cbb0) 
thrown [s\open\src\hotspot\share\interpreter\linkResolver.cpp, line 1350]
Event: 0.288 Thread 0x0000025d9ebe0260 Exception <a 'java/lang/NoSuchMethodError'{0x000000074e809440}: 'void java.lang.invoke.DirectMethodHandle$Holder.invokeVirtual(java.lang.Object, java.lang.Object)'> (0x000000074e809440) 
thrown [s\open\src\hotspot\share\interpreter\linkResolver.cpp, line 759]
Event: 0.291 Thread 0x0000025d9ebe0260 Exception <a 'java/lang/NoSuchMethodError'{0x000000074e8271b8}: 'void java.lang.invoke.DirectMethodHandle$Holder.invokeStatic(java.lang.Object, java.lang.Object)'> (0x000000074e8271b8) 
thrown [s\open\src\hotspot\share\interpreter\linkResolver.cpp, line 759]
Event: 0.291 Thread 0x0000025d9ebe0260 Exception <a 'java/lang/NoSuchMethodError'{0x000000074e82a7b8}: 'void java.lang.invoke.DirectMethodHandle$Holder.invokeStaticInit(java.lang.Object, java.lang.Object)'> (0x000000074e82a7b8) 
thrown [s\open\src\hotspot\share\interpreter\linkResolver.cpp, line 759]
Event: 0.301 Thread 0x0000025d9ebe0260 Exception <a 'java/lang/NoSuchMethodError'{0x000000074e8794a8}: 'void java.lang.invoke.DirectMethodHandle$Holder.invokeStatic(java.lang.Object, java.lang.Object, java.lang.Object)'> (0x000000074e8794a8) 
thrown [s\open\src\hotspot\share\interpreter\linkResolver.cpp, line 759]
Event: 0.361 Thread 0x0000025d9ebe0260 Exception <a 'java/lang/NoSuchMethodError'{0x000000074e62fdc8}: 'java.lang.Object java.lang.invoke.DirectMethodHandle$Holder.invokeSpecialIFC(java.lang.Object, java.lang.Object, java.lang.Object, java.lang.Object)'> (0x000000074e62fdc8) 
thrown [s\open\src\hotspot\share\interpreter\linkResolver.cpp, line 759]
Event: 1.010 Thread 0x0000025d9ebe0260 Exception <a 'java/lang/NoSuchMethodError'{0x000000074e08d2d8}: 'void java.lang.invoke.DirectMethodHandle$Holder.invokeSpecial(java.lang.Object, java.lang.Object, java.lang.Object)'> (0x000000074e08d2d8) 
thrown [s\open\src\hotspot\share\interpreter\linkResolver.cpp, line 759]
Event: 1.053 Thread 0x0000025d9ebe0260 Exception <a 'java/lang/NoSuchMethodError'{0x000000074de04b28}: 'java.lang.Object java.lang.invoke.DirectMethodHandle$Holder.invokeInterface(java.lang.Object, java.lang.Object)'> (0x000000074de04b28) 
thrown [s\open\src\hotspot\share\interpreter\linkResolver.cpp, line 759]
Event: 1.074 Thread 0x0000025d9ebe0260 Exception <a 'java/lang/NoSuchMethodError'{0x000000074debca40}: 'java.lang.Object java.lang.invoke.Invokers$Holder.invokeExact_MT(java.lang.Object, java.lang.Object, java.lang.Object, java.lang.Object, java.lang.Object, java.lang.Object)'> (0x000000074debca40) 
thrown [s\open\src\hotspot\share\interpreter\linkResolver.cpp, line 759]
Event: 1.076 Thread 0x0000025d9ebe0260 Exception <a 'java/lang/NoSuchMethodError'{0x000000074decde80}: 'int java.lang.invoke.DirectMethodHandle$Holder.invokeSpecialIFC(java.lang.Object, java.lang.Object, java.lang.Object, java.lang.Object, java.lang.Object)'> (0x000000074decde80) 
thrown [s\open\src\hotspot\share\interpreter\linkResolver.cpp, line 759]
Event: 1.133 Thread 0x0000025d9ebe0260 Exception <a 'java/lang/NoSuchMethodError'{0x000000074dc98678}: 'java.lang.Object java.lang.invoke.DirectMethodHandle$Holder.newInvokeSpecial(java.lang.Object, java.lang.Object, java.lang.Object, java.lang.Object, java.lang.Object)'> (0x000000074dc98678) 
thrown [s\open\src\hotspot\share\interpreter\linkResolver.cpp, line 759]
Event: 1.159 Thread 0x0000025d9ebe0260 Exception <a 'java/lang/NoSuchMethodError'{0x000000074ddc8810}: 'int java.lang.invoke.DirectMethodHandle$Holder.invokeStaticInit(java.lang.Object, java.lang.Object)'> (0x000000074ddc8810) 
thrown [s\open\src\hotspot\share\interpreter\linkResolver.cpp, line 759]
Event: 1.167 Thread 0x0000025d9ebe0260 Exception <a 'java/lang/NoClassDefFoundError'{0x000000074da059b8}: javax/enterprise/inject/Typed> (0x000000074da059b8) 
thrown [s\open\src\hotspot\share\classfile\systemDictionary.cpp, line 245]
Event: 2.835 Thread 0x0000025d9ebe0260 Exception <a 'java/lang/NoSuchMethodError'{0x000000074e465750}: 'void java.lang.invoke.DirectMethodHandle$Holder.invokeStaticInit(java.lang.Object, java.lang.Object, java.lang.Object)'> (0x000000074e465750) 
thrown [s\open\src\hotspot\share\interpreter\linkResolver.cpp, line 759]
Event: 2.853 Thread 0x0000025d9ebe0260 Implicit null exception at 0x0000025dae002d2f to 0x0000025dae002e90
Event: 2.857 Thread 0x0000025d9ebe0260 Exception <a 'java/lang/NoSuchMethodError'{0x000000074e4e0d98}: 'java.lang.Object java.lang.invoke.Invokers$Holder.invokeExact_MT(java.lang.Object, int, java.lang.Object)'> (0x000000074e4e0d98) 
thrown [s\open\src\hotspot\share\interpreter\linkResolver.cpp, line 759]
Event: 2.872 Thread 0x0000025d9ebe0260 Exception <a 'java/lang/NoSuchMethodError'{0x000000074e55e590}: 'int java.lang.invoke.DirectMethodHandle$Holder.invokeSpecial(java.lang.Object, java.lang.Object, java.lang.Object, java.lang.Object)'> (0x000000074e55e590) 
thrown [s\open\src\hotspot\share\interpreter\linkResolver.cpp, line 759]

VM Operations (20 events):
Event: 0.076 Executing VM operation: HandshakeAllThreads
Event: 0.076 Executing VM operation: HandshakeAllThreads done
Event: 0.259 Executing VM operation: HandshakeAllThreads
Event: 0.259 Executing VM operation: HandshakeAllThreads done
Event: 0.269 Executing VM operation: HandshakeAllThreads
Event: 0.269 Executing VM operation: HandshakeAllThreads done
Event: 0.375 Executing VM operation: HandshakeAllThreads
Event: 0.375 Executing VM operation: HandshakeAllThreads done
Event: 1.197 Executing VM operation: G1CollectForAllocation
Event: 2.212 Executing VM operation: G1CollectForAllocation done
Event: 2.518 Executing VM operation: HandshakeAllThreads
Event: 2.518 Executing VM operation: HandshakeAllThreads done
Event: 2.574 Executing VM operation: HandshakeAllThreads
Event: 2.574 Executing VM operation: HandshakeAllThreads done
Event: 2.651 Executing VM operation: G1CollectForAllocation
Event: 2.655 Executing VM operation: G1CollectForAllocation done
Event: 2.840 Executing VM operation: HandshakeAllThreads
Event: 2.840 Executing VM operation: HandshakeAllThreads done
Event: 3.843 Executing VM operation: Cleanup
Event: 3.843 Executing VM operation: Cleanup done

Events (20 events):
Event: 2.759 loading class java/io/UncheckedIOException
Event: 2.760 loading class java/io/UncheckedIOException done
Event: 2.764 loading class java/util/concurrent/atomic/AtomicBoolean
Event: 2.765 loading class java/util/concurrent/atomic/AtomicBoolean done
Event: 2.767 loading class java/nio/file/NoSuchFileException
Event: 2.767 loading class java/nio/file/FileSystemException
Event: 2.767 loading class java/nio/file/FileSystemException done
Event: 2.767 loading class java/nio/file/NoSuchFileException done
Event: 2.767 loading class java/nio/channels/OverlappingFileLockException
Event: 2.767 loading class java/nio/channels/OverlappingFileLockException done
Event: 2.767 loading class java/nio/channels/FileLock
Event: 2.767 loading class java/nio/channels/FileLock done
Event: 2.783 loading class java/nio/file/AccessDeniedException
Event: 2.784 loading class java/nio/file/AccessDeniedException done
Event: 2.854 loading class jdk/internal/reflect/UnsafeFieldAccessorFactory
Event: 2.854 loading class jdk/internal/reflect/UnsafeFieldAccessorFactory done
Event: 2.854 loading class jdk/internal/reflect/UnsafeQualifiedStaticObjectFieldAccessorImpl
Event: 2.854 loading class jdk/internal/reflect/UnsafeQualifiedStaticFieldAccessorImpl
Event: 2.855 loading class jdk/internal/reflect/UnsafeQualifiedStaticFieldAccessorImpl done
Event: 2.855 loading class jdk/internal/reflect/UnsafeQualifiedStaticObjectFieldAccessorImpl done


Dynamic libraries:
0x00007ff6df740000 - 0x00007ff6df750000 	C:\Program Files\Java\jdk-17\bin\java.exe
0x00007ffdef180000 - 0x00007ffdef3e7000 	C:\WINDOWS\SYSTEM32\ntdll.dll
0x00007ffded0e0000 - 0x00007ffded1a9000 	C:\WINDOWS\System32\KERNEL32.DLL
0x00007ffdebbb0000 - 0x00007ffdebfa7000 	C:\WINDOWS\System32\KERNELBASE.dll
0x00007ffdecba0000 - 0x00007ffdecceb000 	C:\WINDOWS\System32\ucrtbase.dll
0x00007ffdd0d90000 - 0x00007ffdd0da9000 	C:\Program Files\Java\jdk-17\bin\jli.dll
0x00007ffdd8740000 - 0x00007ffdd875b000 	C:\Program Files\Java\jdk-17\bin\VCRUNTIME140.dll
0x00007ffdeee90000 - 0x00007ffdeef46000 	C:\WINDOWS\System32\ADVAPI32.dll
0x00007ffdef070000 - 0x00007ffdef119000 	C:\WINDOWS\System32\msvcrt.dll
0x00007ffdedea0000 - 0x00007ffdedf47000 	C:\WINDOWS\System32\sechost.dll
0x00007ffdecf00000 - 0x00007ffded018000 	C:\WINDOWS\System32\RPCRT4.dll
0x00007ffded550000 - 0x00007ffded716000 	C:\WINDOWS\System32\USER32.dll
0x00007ffdc91f0000 - 0x00007ffdc9482000 	C:\WINDOWS\WinSxS\amd64_microsoft.windows.common-controls_6595b64144ccf1df_6.0.26100.8457_none_3e0b2faee331e92d\COMCTL32.dll
0x00007ffdeccf0000 - 0x00007ffdecd17000 	C:\WINDOWS\System32\win32u.dll
0x00007ffdef000000 - 0x00007ffdef02b000 	C:\WINDOWS\System32\GDI32.dll
0x00007ffdecdd0000 - 0x00007ffdecefc000 	C:\WINDOWS\System32\gdi32full.dll
0x00007ffdecaf0000 - 0x00007ffdecb93000 	C:\WINDOWS\System32\msvcp_win.dll
0x00007ffddcc30000 - 0x00007ffddcc3b000 	C:\WINDOWS\SYSTEM32\VERSION.dll
0x00007ffdef030000 - 0x00007ffdef062000 	C:\WINDOWS\System32\IMM32.DLL
0x00007ffdd8730000 - 0x00007ffdd873c000 	C:\Program Files\Java\jdk-17\bin\vcruntime140_1.dll
0x00007ffdd8340000 - 0x00007ffdd83ce000 	C:\Program Files\Java\jdk-17\bin\msvcp140.dll
0x00007ffdd8760000 - 0x00007ffdd9340000 	C:\Program Files\Java\jdk-17\bin\server\jvm.dll
0x00007ffdeeff0000 - 0x00007ffdeeff8000 	C:\WINDOWS\System32\PSAPI.DLL
0x00007ffddcc40000 - 0x00007ffddcc4a000 	C:\WINDOWS\SYSTEM32\WSOCK32.dll
0x00007ffde9c80000 - 0x00007ffde9cb6000 	C:\WINDOWS\SYSTEM32\WINMM.dll
0x00007ffdeee00000 - 0x00007ffdeee80000 	C:\WINDOWS\System32\WS2_32.dll
0x00007ffdea920000 - 0x00007ffdea93b000 	C:\WINDOWS\SYSTEM32\kernel.appcore.dll
0x00007ffdd86b0000 - 0x00007ffdd86ba000 	C:\Program Files\Java\jdk-17\bin\jimage.dll
0x00007ffde99c0000 - 0x00007ffde9c02000 	C:\WINDOWS\SYSTEM32\DBGHELP.DLL
0x00007ffded1b0000 - 0x00007ffded533000 	C:\WINDOWS\System32\combase.dll
0x00007ffdee200000 - 0x00007ffdee2d9000 	C:\WINDOWS\System32\OLEAUT32.dll
0x00007ffde9c40000 - 0x00007ffde9c7b000 	C:\WINDOWS\SYSTEM32\dbgcore.DLL
0x00007ffdecd20000 - 0x00007ffdecdc8000 	C:\WINDOWS\System32\bcryptPrimitives.dll
0x00007ffdd86c0000 - 0x00007ffdd86e5000 	C:\Program Files\Java\jdk-17\bin\java.dll
0x00007ffdd85d0000 - 0x00007ffdd86a7000 	C:\Program Files\Java\jdk-17\bin\jsvml.dll
0x00007ffdee680000 - 0x00007ffdeedee000 	C:\WINDOWS\System32\SHELL32.dll
0x00007ffdec070000 - 0x00007ffdec8dc000 	C:\WINDOWS\System32\windows.storage.dll
0x00007ffdedf50000 - 0x00007ffdee046000 	C:\WINDOWS\System32\SHCORE.dll
0x00007ffded720000 - 0x00007ffded786000 	C:\WINDOWS\System32\shlwapi.dll
0x00007ffdebad0000 - 0x00007ffdebaf9000 	C:\WINDOWS\SYSTEM32\profapi.dll
0x00007ffdd85b0000 - 0x00007ffdd85c9000 	C:\Program Files\Java\jdk-17\bin\net.dll
0x00007ffde4e10000 - 0x00007ffde4f39000 	C:\WINDOWS\SYSTEM32\WINHTTP.dll
0x00007ffdeaeb0000 - 0x00007ffdeaf1c000 	C:\WINDOWS\system32\mswsock.dll
0x00007ffdd8590000 - 0x00007ffdd85a6000 	C:\Program Files\Java\jdk-17\bin\nio.dll
0x00007ffdd8570000 - 0x00007ffdd8588000 	C:\Program Files\Java\jdk-17\bin\zip.dll
0x00007ffdd0ce0000 - 0x00007ffdd0d04000 	C:\Users\tnghi\.m2\wrapper\dists\apache-maven-3.9.12\59fe215c0ad6947fea90184bf7add084544567b927287592651fda3782e0e798\lib\jansi-native\Windows\x86_64\jansi.dll
0x00007ffdd82d0000 - 0x00007ffdd82e0000 	C:\Program Files\Java\jdk-17\bin\verify.dll

dbghelp: loaded successfully - version: 4.0.5 - missing functions: none
symbol engine: initialized successfully - sym options: 0x614 - pdb path: .;C:\Program Files\Java\jdk-17\bin;C:\WINDOWS\SYSTEM32;C:\WINDOWS\WinSxS\amd64_microsoft.windows.common-controls_6595b64144ccf1df_6.0.26100.8457_none_3e0b2faee331e92d;C:\Program Files\Java\jdk-17\bin\server;C:\Users\tnghi\.m2\wrapper\dists\apache-maven-3.9.12\59fe215c0ad6947fea90184bf7add084544567b927287592651fda3782e0e798\lib\jansi-native\Windows\x86_64

VM Arguments:
jvm_args: --enable-native-access=ALL-UNNAMED -Dclassworlds.conf=C:\Users\tnghi\.m2\wrapper\dists\apache-maven-3.9.12\59fe215c0ad6947fea90184bf7add084544567b927287592651fda3782e0e798\bin\m2.conf -Dmaven.home=C:\Users\tnghi\.m2\wrapper\dists\apache-maven-3.9.12\59fe215c0ad6947fea90184bf7add084544567b927287592651fda3782e0e798 -Dlibrary.jansi.path=C:\Users\tnghi\.m2\wrapper\dists\apache-maven-3.9.12\59fe215c0ad6947fea90184bf7add084544567b927287592651fda3782e0e798\lib\jansi-native -Dmaven.multiModuleProjectDirectory=D:\FullGra\GraduationPproject_BE\BookingMeetingRoom 
java_command: org.codehaus.plexus.classworlds.launcher.Launcher compile
java_class_path (initial): C:\Users\tnghi\.m2\wrapper\dists\apache-maven-3.9.12\59fe215c0ad6947fea90184bf7add084544567b927287592651fda3782e0e798\boot\plexus-classworlds-2.9.0.jar
Launcher Type: SUN_STANDARD

[Global flags]
     intx CICompilerCount                          = 4                                         {product} {ergonomic}
     uint ConcGCThreads                            = 2                                         {product} {ergonomic}
     uint G1ConcRefinementThreads                  = 8                                         {product} {ergonomic}
   size_t G1HeapRegionSize                         = 2097152                                   {product} {ergonomic}
    uintx GCDrainStackTargetSize                   = 64                                        {product} {ergonomic}
   size_t InitialHeapSize                          = 199229440                                 {product} {ergonomic}
   size_t MarkStackSize                            = 4194304                                   {product} {ergonomic}
   size_t MaxHeapSize                              = 3168796672                                {product} {ergonomic}
   size_t MaxNewSize                               = 1900019712                                {product} {ergonomic}
   size_t MinHeapDeltaBytes                        = 2097152                                   {product} {ergonomic}
   size_t MinHeapSize                              = 8388608                                   {product} {ergonomic}
    uintx NonNMethodCodeHeapSize                   = 5839372                                {pd product} {ergonomic}
    uintx NonProfiledCodeHeapSize                  = 122909434                              {pd product} {ergonomic}
    uintx ProfiledCodeHeapSize                     = 122909434                              {pd product} {ergonomic}
    uintx ReservedCodeCacheSize                    = 251658240                              {pd product} {ergonomic}
     bool SegmentedCodeCache                       = true                                      {product} {ergonomic}
   size_t SoftMaxHeapSize                          = 3168796672                             {manageable} {ergonomic}
     bool UseCompressedClassPointers               = true                           {product lp64_product} {ergonomic}
     bool UseCompressedOops                        = true                           {product lp64_product} {ergonomic}
     bool UseG1GC                                  = true                                      {product} {ergonomic}
     bool UseLargePagesIndividualAllocation        = false                                  {pd product} {ergonomic}

Logging:
Log output configuration:
 #0: stdout all=warning uptime,level,tags
 #1: stderr all=off uptime,level,tags

Environment Variables:
JAVA_HOME=C:\Program Files\Java\jdk-17
PATH=C:\Program Files\Common Files\Oracle\Java\javapath;C:\WINDOWS\system32;C:\WINDOWS;C:\WINDOWS\System32\Wbem;C:\WINDOWS\System32\WindowsPowerShell\v1.0\;C:\WINDOWS\System32\OpenSSH\;C:\Program Files\Git\cmd;C:\Program Files\Docker\Docker\resources\bin;C:\Program Files\nodejs\;C:\Users\tnghi\AppData\Local\Microsoft\WindowsApps;C:\Users\tnghi\AppData\Local\Programs\Microsoft VS Code\bin;C:\Users\tnghi\AppData\Roaming\npm;C:\Users\tnghi\AppData\Local\Programs\cursor\resources\app\bin;C:\Users\tnghi\AppData\Local\Programs\Antigravity\bin
USERNAME=tnghi
OS=Windows_NT
PROCESSOR_IDENTIFIER=Intel64 Family 6 Model 140 Stepping 1, GenuineIntel



---------------  S Y S T E M  ---------------

OS:
 Windows 11 , 64 bit Build 26100 (10.0.26100.8328)
OS uptime: 0 days 6:20 hours
Hyper-V role detected

CPU: total 8 (initial active 8) (4 cores per cpu, 2 threads per core) family 6 model 140 stepping 1 microcode 0x86, cx8, cmov, fxsr, ht, mmx, 3dnowpref, sse, sse2, sse3, ssse3, sse4.1, sse4.2, popcnt, lzcnt, tsc, tscinvbit, avx, avx2, aes, erms, clmul, bmi1, bmi2, adx, avx512f, avx512dq, avx512cd, avx512bw, avx512vl, sha, fma, vzeroupper, avx512_vpopcntdq, avx512_vpclmulqdq, avx512_vaes, avx512_vnni, clflush, clflushopt, clwb, avx512_vbmi2, avx512_vbmi, hv

Memory: 4k page, system-wide physical 12087M (864M free)
TotalPageFile size 29652M (AvailPageFile size 2M)
current process WorkingSet (physical memory assigned to process): 116M, peak: 116M
current process commit charge ("private bytes"): 312M, peak: 313M

vm_info: Java HotSpot(TM) 64-Bit Server VM (17.0.12+8-LTS-286) for windows-amd64 JRE (17.0.12+8-LTS-286), built on Jun  5 2024 06:46:59 by "mach5one" with MS VC++ 17.6 (VS2022)

END.
